# JRE version: Java(TM) SE Runtime Environment (8.0_321-b07) (build 1.8.0_321-b07)
# Java VM: Java HotSpot(TM) 64-Bit Server VM (25.321-b07 mixed mode windows-amd64 compressed oops)
Heap:
 PSYoungGen      total 200704K, used 64271K [0x00000000d5f80000, 0x00000000e7c00000, 0x0000000100000000)
  eden space 160256K, 39% used [0x00000000d5f80000,0x00000000d9de3d98,0x00000000dfc00000)
  from space 40448K, 0% used [0x00000000dfc00000,0x00000000dfc60000,0x00000000e2380000)
  to   space 41472K, 0% used [0x00000000e5380000,0x00000000e5380000,0x00000000e7c00000)
 ParOldGen       total 145920K, used 88878K [0x0000000081e00000, 0x000000008ac80000, 0x00000000d5f80000)
  object space 145920K, 60% used [0x0000000081e00000,0x00000000874cb878,0x000000008ac80000)
 Metaspace       used 18268K, capacity 18564K, committed 18944K, reserved 1067008K
  class space    used 2091K, capacity 2186K, committed 2304K, reserved 1048576K
GC Heap History (10 events):
Event: 7.527 GC heap before
{Heap before GC invocations=8 (full 1):
 PSYoungGen      total 122880K, used 122674K [0x00000000d5f80000, 0x00000000e1d80000, 0x0000000100000000)
  eden space 97792K, 100% used [0x00000000d5f80000,0x00000000dbf00000,0x00000000dbf00000)
  from space 25088K, 99% used [0x00000000e0500000,0x00000000e1d4ca70,0x00000000e1d80000)
  to   space 37376K, 0% used [0x00000000dd480000,0x00000000dd480000,0x00000000df900000)
 ParOldGen       total 145920K, used 63217K [0x0000000081e00000, 0x000000008ac80000, 0x00000000d5f80000)
  object space 145920K, 43% used [0x0000000081e00000,0x0000000085bbc580,0x000000008ac80000)
 Metaspace       used 17622K, capacity 17940K, committed 18304K, reserved 1064960K
  class space    used 2023K, capacity 2110K, committed 2176K, reserved 1048576K
Event: 7.616 GC heap after
Heap after GC invocations=8 (full 1):
 PSYoungGen      total 157184K, used 25084K [0x00000000d5f80000, 0x00000000e3f00000, 0x0000000100000000)
  eden space 119808K, 0% used [0x00000000d5f80000,0x00000000d5f80000,0x00000000dd480000)
  from space 37376K, 67% used [0x00000000dd480000,0x00000000decff2f8,0x00000000df900000)
  to   space 38400K, 0% used [0x00000000e1980000,0x00000000e1980000,0x00000000e3f00000)
 ParOldGen       total 145920K, used 63225K [0x0000000081e00000, 0x000000008ac80000, 0x00000000d5f80000)
  object space 145920K, 43% used [0x0000000081e00000,0x0000000085bbe580,0x000000008ac80000)
 Metaspace       used 17622K, capacity 17940K, committed 18304K, reserved 1064960K
  class space    used 2023K, capacity 2110K, committed 2176K, reserved 1048576K
}
Event: 8.062 GC heap before
{Heap before GC invocations=9 (full 1):
 PSYoungGen      total 157184K, used 144892K [0x00000000d5f80000, 0x00000000e3f00000, 0x0000000100000000)
  eden space 119808K, 100% used [0x00000000d5f80000,0x00000000dd480000,0x00000000dd480000)
  from space 37376K, 67% used [0x00000000dd480000,0x00000000decff2f8,0x00000000df900000)
  to   space 38400K, 0% used [0x00000000e1980000,0x00000000e1980000,0x00000000e3f00000)
 ParOldGen       total 145920K, used 63225K [0x0000000081e00000, 0x000000008ac80000, 0x00000000d5f80000)
  object space 145920K, 43% used [0x0000000081e00000,0x0000000085bbe580,0x000000008ac80000)
 Metaspace       used 17627K, capacity 17940K, committed 18304K, reserved 1064960K
  class space    used 2023K, capacity 2110K, committed 2176K, reserved 1048576K
Event: 8.159 GC heap after
Heap after GC invocations=9 (full 1):
 PSYoungGen      total 158208K, used 25660K [0x00000000d5f80000, 0x00000000e3f00000, 0x0000000100000000)
  eden space 119808K, 0% used [0x00000000d5f80000,0x00000000d5f80000,0x00000000dd480000)
  from space 38400K, 66% used [0x00000000e1980000,0x00000000e328f2f8,0x00000000e3f00000)
  to   space 37376K, 0% used [0x00000000dd480000,0x00000000dd480000,0x00000000df900000)
 ParOldGen       total 145920K, used 63225K [0x0000000081e00000, 0x000000008ac80000, 0x00000000d5f80000)
  object space 145920K, 43% used [0x0000000081e00000,0x0000000085bbe580,0x000000008ac80000)
 Metaspace       used 17627K, capacity 17940K, committed 18304K, reserved 1064960K
  class space    used 2023K, capacity 2110K, committed 2176K, reserved 1048576K
}
Event: 9.595 GC heap before
{Heap before GC invocations=10 (full 1):
 PSYoungGen      total 158208K, used 145468K [0x00000000d5f80000, 0x00000000e3f00000, 0x0000000100000000)
  eden space 119808K, 100% used [0x00000000d5f80000,0x00000000dd480000,0x00000000dd480000)
  from space 38400K, 66% used [0x00000000e1980000,0x00000000e328f2f8,0x00000000e3f00000)
  to   space 37376K, 0% used [0x00000000dd480000,0x00000000dd480000,0x00000000df900000)
 ParOldGen       total 145920K, used 63225K [0x0000000081e00000, 0x000000008ac80000, 0x00000000d5f80000)
  object space 145920K, 43% used [0x0000000081e00000,0x0000000085bbe580,0x000000008ac80000)
 Metaspace       used 17966K, capacity 18244K, committed 18560K, reserved 1064960K
  class space    used 2059K, capacity 2148K, committed 2176K, reserved 1048576K
Event: 9.619 GC heap after
Heap after GC invocations=10 (full 1):
 PSYoungGen      total 157184K, used 25980K [0x00000000d5f80000, 0x00000000e4980000, 0x0000000100000000)
  eden space 119808K, 0% used [0x00000000d5f80000,0x00000000d5f80000,0x00000000dd480000)
  from space 37376K, 69% used [0x00000000dd480000,0x00000000deddf2f8,0x00000000df900000)
  to   space 38912K, 0% used [0x00000000e2380000,0x00000000e2380000,0x00000000e4980000)
 ParOldGen       total 145920K, used 63233K [0x0000000081e00000, 0x000000008ac80000, 0x00000000d5f80000)
  object space 145920K, 43% used [0x0000000081e00000,0x0000000085bc0580,0x000000008ac80000)
 Metaspace       used 17966K, capacity 18244K, committed 18560K, reserved 1064960K
  class space    used 2059K, capacity 2148K, committed 2176K, reserved 1048576K
}
Event: 10.374 GC heap before
{Heap before GC invocations=11 (full 1):
 PSYoungGen      total 157184K, used 145788K [0x00000000d5f80000, 0x00000000e4980000, 0x0000000100000000)
  eden space 119808K, 100% used [0x00000000d5f80000,0x00000000dd480000,0x00000000dd480000)
  from space 37376K, 69% used [0x00000000dd480000,0x00000000deddf2f8,0x00000000df900000)
  to   space 38912K, 0% used [0x00000000e2380000,0x00000000e2380000,0x00000000e4980000)
 ParOldGen       total 145920K, used 63233K [0x0000000081e00000, 0x000000008ac80000, 0x00000000d5f80000)
  object space 145920K, 43% used [0x0000000081e00000,0x0000000085bc0580,0x000000008ac80000)
 Metaspace       used 18018K, capacity 18312K, committed 18560K, reserved 1064960K
  class space    used 2059K, capacity 2148K, committed 2176K, reserved 1048576K
Event: 10.417 GC heap after
Heap after GC invocations=11 (full 1):
 PSYoungGen      total 199168K, used 1408K [0x00000000d5f80000, 0x00000000e4b80000, 0x0000000100000000)
  eden space 160256K, 0% used [0x00000000d5f80000,0x00000000d5f80000,0x00000000dfc00000)
  from space 38912K, 3% used [0x00000000e2380000,0x00000000e24e0000,0x00000000e4980000)
  to   space 40448K, 0% used [0x00000000dfc00000,0x00000000dfc00000,0x00000000e2380000)
 ParOldGen       total 145920K, used 87822K [0x0000000081e00000, 0x000000008ac80000, 0x00000000d5f80000)
  object space 145920K, 60% used [0x0000000081e00000,0x00000000873c3878,0x000000008ac80000)
 Metaspace       used 18018K, capacity 18312K, committed 18560K, reserved 1064960K
  class space    used 2059K, capacity 2148K, committed 2176K, reserved 1048576K
}
Event: 10.951 GC heap before
{Heap before GC invocations=12 (full 1):
 PSYoungGen      total 199168K, used 161664K [0x00000000d5f80000, 0x00000000e4b80000, 0x0000000100000000)
  eden space 160256K, 100% used [0x00000000d5f80000,0x00000000dfc00000,0x00000000dfc00000)
  from space 38912K, 3% used [0x00000000e2380000,0x00000000e24e0000,0x00000000e4980000)
  to   space 40448K, 0% used [0x00000000dfc00000,0x00000000dfc00000,0x00000000e2380000)
 ParOldGen       total 145920K, used 87822K [0x0000000081e00000, 0x000000008ac80000, 0x00000000d5f80000)
  object space 145920K, 60% used [0x0000000081e00000,0x00000000873c3878,0x000000008ac80000)
 Metaspace       used 18031K, capacity 18312K, committed 18560K, reserved 1064960K
  class space    used 2059K, capacity 2148K, committed 2176K, reserved 1048576K
Event: 10.956 GC heap after
Heap after GC invocations=12 (full 1):
 PSYoungGen      total 200704K, used 384K [0x00000000d5f80000, 0x00000000e7c00000, 0x0000000100000000)
  eden space 160256K, 0% used [0x00000000d5f80000,0x00000000d5f80000,0x00000000dfc00000)
  from space 40448K, 0% used [0x00000000dfc00000,0x00000000dfc60000,0x00000000e2380000)
  to   space 41472K, 0% used [0x00000000e5380000,0x00000000e5380000,0x00000000e7c00000)
 ParOldGen       total 145920K, used 88878K [0x0000000081e00000, 0x000000008ac80000, 0x00000000d5f80000)
  object space 145920K, 60% used [0x0000000081e00000,0x00000000874cb878,0x000000008ac80000)
 Metaspace       used 18031K, capacity 18312K, committed 18560K, reserved 1064960K
  class space    used 2059K, capacity 2148K, committed 2176K, reserved 1048576K
}

